#! /usr/bin/vvp
:ivl_version "12.0 (stable)";
:ivl_delay_selection "TYPICAL";
:vpi_time_precision - 12;
:vpi_module "/usr/lib/x86_64-linux-gnu/ivl/system.vpi";
:vpi_module "/usr/lib/x86_64-linux-gnu/ivl/vhdl_sys.vpi";
:vpi_module "/usr/lib/x86_64-linux-gnu/ivl/vhdl_textio.vpi";
:vpi_module "/usr/lib/x86_64-linux-gnu/ivl/v2005_math.vpi";
:vpi_module "/usr/lib/x86_64-linux-gnu/ivl/va_math.vpi";
S_0x564d813bf920 .scope module, "Traffic_tb" "Traffic_tb" 2 4;
 .timescale -9 -12;
v0x564d813d9bf0_0 .var "clk", 0 0;
v0x564d813d9cb0_0 .net "light_M1", 2 0, v0x564d813d95b0_0;  1 drivers
v0x564d813d9d80_0 .net "light_M2", 2 0, v0x564d813d96a0_0;  1 drivers
v0x564d813d9e80_0 .net "light_MT", 2 0, v0x564d813d9780_0;  1 drivers
v0x564d813d9f50_0 .net "light_S", 2 0, v0x564d813d98b0_0;  1 drivers
v0x564d813da040_0 .var "rst", 0 0;
S_0x564d813bfab0 .scope module, "dut" "Traffic_Light_Controller" 2 10, 3 4 0, S_0x564d813bf920;
 .timescale -9 -12;
    .port_info 0 /INPUT 1 "clk";
    .port_info 1 /INPUT 1 "rst";
    .port_info 2 /OUTPUT 3 "light_M1";
    .port_info 3 /OUTPUT 3 "light_S";
    .port_info 4 /OUTPUT 3 "light_MT";
    .port_info 5 /OUTPUT 3 "light_M2";
P_0x564d81378490 .param/l "S1" 0 3 14, +C4<00000000000000000000000000000000>;
P_0x564d813784d0 .param/l "S2" 0 3 14, +C4<00000000000000000000000000000001>;
P_0x564d81378510 .param/l "S3" 0 3 14, +C4<00000000000000000000000000000010>;
P_0x564d81378550 .param/l "S4" 0 3 14, +C4<00000000000000000000000000000011>;
P_0x564d81378590 .param/l "S5" 0 3 14, +C4<00000000000000000000000000000100>;
P_0x564d813785d0 .param/l "S6" 0 3 14, +C4<00000000000000000000000000000101>;
P_0x564d81378610 .param/l "sec2" 0 3 17, +C4<00000000000000000000000000000010>;
P_0x564d81378650 .param/l "sec3" 0 3 17, +C4<00000000000000000000000000000011>;
P_0x564d81378690 .param/l "sec5" 0 3 17, +C4<00000000000000000000000000000101>;
P_0x564d813786d0 .param/l "sec7" 0 3 17, +C4<00000000000000000000000000000111>;
v0x564d813b2f80_0 .net "clk", 0 0, v0x564d813d9bf0_0;  1 drivers
v0x564d813b30f0_0 .var "count", 3 0;
v0x564d813d95b0_0 .var "light_M1", 2 0;
v0x564d813d96a0_0 .var "light_M2", 2 0;
v0x564d813d9780_0 .var "light_MT", 2 0;
v0x564d813d98b0_0 .var "light_S", 2 0;
v0x564d813d9990_0 .var "ps", 2 0;
v0x564d813d9a70_0 .net "rst", 0 0, v0x564d813da040_0;  1 drivers
E_0x564d8139c1d0 .event anyedge, v0x564d813d9990_0;
E_0x564d813a6650 .event posedge, v0x564d813d9a70_0, v0x564d813b2f80_0;
    .scope S_0x564d813bfab0;
T_0 ;
    %wait E_0x564d813a6650;
    %load/vec4 v0x564d813d9a70_0;
    %pad/u 32;
    %cmpi/e 1, 0, 32;
    %jmp/0xz  T_0.0, 4;
    %pushi/vec4 0, 0, 3;
    %assign/vec4 v0x564d813d9990_0, 0;
    %pushi/vec4 0, 0, 4;
    %assign/vec4 v0x564d813b30f0_0, 0;
    %jmp T_0.1;
T_0.0 ;
    %load/vec4 v0x564d813d9990_0;
    %dup/vec4;
    %pushi/vec4 0, 0, 3;
    %cmp/u;
    %jmp/1 T_0.2, 6;
    %dup/vec4;
    %pushi/vec4 1, 0, 3;
    %cmp/u;
    %jmp/1 T_0.3, 6;
    %dup/vec4;
    %pushi/vec4 2, 0, 3;
    %cmp/u;
    %jmp/1 T_0.4, 6;
    %dup/vec4;
    %pushi/vec4 3, 0, 3;
    %cmp/u;
    %jmp/1 T_0.5, 6;
    %dup/vec4;
    %pushi/vec4 4, 0, 3;
    %cmp/u;
    %jmp/1 T_0.6, 6;
    %dup/vec4;
    %pushi/vec4 5, 0, 3;
    %cmp/u;
    %jmp/1 T_0.7, 6;
    %pushi/vec4 0, 0, 3;
    %assign/vec4 v0x564d813d9990_0, 0;
    %jmp T_0.9;
T_0.2 ;
    %load/vec4 v0x564d813b30f0_0;
    %pad/u 32;
    %cmpi/u 7, 0, 32;
    %jmp/0xz  T_0.10, 5;
    %pushi/vec4 0, 0, 3;
    %assign/vec4 v0x564d813d9990_0, 0;
    %load/vec4 v0x564d813b30f0_0;
    %addi 1, 0, 4;
    %assign/vec4 v0x564d813b30f0_0, 0;
    %jmp T_0.11;
T_0.10 ;
    %pushi/vec4 1, 0, 3;
    %assign/vec4 v0x564d813d9990_0, 0;
    %pushi/vec4 0, 0, 4;
    %assign/vec4 v0x564d813b30f0_0, 0;
T_0.11 ;
    %jmp T_0.9;
T_0.3 ;
    %load/vec4 v0x564d813b30f0_0;
    %pad/u 32;
    %cmpi/u 2, 0, 32;
    %jmp/0xz  T_0.12, 5;
    %pushi/vec4 1, 0, 3;
    %assign/vec4 v0x564d813d9990_0, 0;
    %load/vec4 v0x564d813b30f0_0;
    %addi 1, 0, 4;
    %assign/vec4 v0x564d813b30f0_0, 0;
    %jmp T_0.13;
T_0.12 ;
    %pushi/vec4 2, 0, 3;
    %assign/vec4 v0x564d813d9990_0, 0;
    %pushi/vec4 0, 0, 4;
    %assign/vec4 v0x564d813b30f0_0, 0;
T_0.13 ;
    %jmp T_0.9;
T_0.4 ;
    %load/vec4 v0x564d813b30f0_0;
    %pad/u 32;
    %cmpi/u 5, 0, 32;
    %jmp/0xz  T_0.14, 5;
    %pushi/vec4 2, 0, 3;
    %assign/vec4 v0x564d813d9990_0, 0;
    %load/vec4 v0x564d813b30f0_0;
    %addi 1, 0, 4;
    %assign/vec4 v0x564d813b30f0_0, 0;
    %jmp T_0.15;
T_0.14 ;
    %pushi/vec4 3, 0, 3;
    %assign/vec4 v0x564d813d9990_0, 0;
    %pushi/vec4 0, 0, 4;
    %assign/vec4 v0x564d813b30f0_0, 0;
T_0.15 ;
    %jmp T_0.9;
T_0.5 ;
    %load/vec4 v0x564d813b30f0_0;
    %pad/u 32;
    %cmpi/u 2, 0, 32;
    %jmp/0xz  T_0.16, 5;
    %pushi/vec4 3, 0, 3;
    %assign/vec4 v0x564d813d9990_0, 0;
    %load/vec4 v0x564d813b30f0_0;
    %addi 1, 0, 4;
    %assign/vec4 v0x564d813b30f0_0, 0;
    %jmp T_0.17;
T_0.16 ;
    %pushi/vec4 4, 0, 3;
    %assign/vec4 v0x564d813d9990_0, 0;
    %pushi/vec4 0, 0, 4;
    %assign/vec4 v0x564d813b30f0_0, 0;
T_0.17 ;
    %jmp T_0.9;
T_0.6 ;
    %load/vec4 v0x564d813b30f0_0;
    %pad/u 32;
    %cmpi/u 3, 0, 32;
    %jmp/0xz  T_0.18, 5;
    %pushi/vec4 4, 0, 3;
    %assign/vec4 v0x564d813d9990_0, 0;
    %load/vec4 v0x564d813b30f0_0;
    %addi 1, 0, 4;
    %assign/vec4 v0x564d813b30f0_0, 0;
    %jmp T_0.19;
T_0.18 ;
    %pushi/vec4 5, 0, 3;
    %assign/vec4 v0x564d813d9990_0, 0;
    %pushi/vec4 0, 0, 4;
    %assign/vec4 v0x564d813b30f0_0, 0;
T_0.19 ;
    %jmp T_0.9;
T_0.7 ;
    %load/vec4 v0x564d813b30f0_0;
    %pad/u 32;
    %cmpi/u 2, 0, 32;
    %jmp/0xz  T_0.20, 5;
    %pushi/vec4 5, 0, 3;
    %assign/vec4 v0x564d813d9990_0, 0;
    %load/vec4 v0x564d813b30f0_0;
    %addi 1, 0, 4;
    %assign/vec4 v0x564d813b30f0_0, 0;
    %jmp T_0.21;
T_0.20 ;
    %pushi/vec4 0, 0, 3;
    %assign/vec4 v0x564d813d9990_0, 0;
    %pushi/vec4 0, 0, 4;
    %assign/vec4 v0x564d813b30f0_0, 0;
T_0.21 ;
    %jmp T_0.9;
T_0.9 ;
    %pop/vec4 1;
T_0.1 ;
    %jmp T_0;
    .thread T_0;
    .scope S_0x564d813bfab0;
T_1 ;
    %wait E_0x564d8139c1d0;
    %load/vec4 v0x564d813d9990_0;
    %dup/vec4;
    %pushi/vec4 0, 0, 3;
    %cmp/u;
    %jmp/1 T_1.0, 6;
    %dup/vec4;
    %pushi/vec4 1, 0, 3;
    %cmp/u;
    %jmp/1 T_1.1, 6;
    %dup/vec4;
    %pushi/vec4 2, 0, 3;
    %cmp/u;
    %jmp/1 T_1.2, 6;
    %dup/vec4;
    %pushi/vec4 3, 0, 3;
    %cmp/u;
    %jmp/1 T_1.3, 6;
    %dup/vec4;
    %pushi/vec4 4, 0, 3;
    %cmp/u;
    %jmp/1 T_1.4, 6;
    %dup/vec4;
    %pushi/vec4 5, 0, 3;
    %cmp/u;
    %jmp/1 T_1.5, 6;
    %pushi/vec4 0, 0, 3;
    %assign/vec4 v0x564d813d95b0_0, 0;
    %pushi/vec4 0, 0, 3;
    %assign/vec4 v0x564d813d96a0_0, 0;
    %pushi/vec4 0, 0, 3;
    %assign/vec4 v0x564d813d9780_0, 0;
    %pushi/vec4 0, 0, 3;
    %assign/vec4 v0x564d813d98b0_0, 0;
    %jmp T_1.7;
T_1.0 ;
    %pushi/vec4 1, 0, 3;
    %assign/vec4 v0x564d813d95b0_0, 0;
    %pushi/vec4 1, 0, 3;
    %assign/vec4 v0x564d813d96a0_0, 0;
    %pushi/vec4 4, 0, 3;
    %assign/vec4 v0x564d813d9780_0, 0;
    %pushi/vec4 4, 0, 3;
    %assign/vec4 v0x564d813d98b0_0, 0;
    %jmp T_1.7;
T_1.1 ;
    %pushi/vec4 1, 0, 3;
    %assign/vec4 v0x564d813d95b0_0, 0;
    %pushi/vec4 2, 0, 3;
    %assign/vec4 v0x564d813d96a0_0, 0;
    %pushi/vec4 4, 0, 3;
    %assign/vec4 v0x564d813d9780_0, 0;
    %pushi/vec4 4, 0, 3;
    %assign/vec4 v0x564d813d98b0_0, 0;
    %jmp T_1.7;
T_1.2 ;
    %pushi/vec4 1, 0, 3;
    %assign/vec4 v0x564d813d95b0_0, 0;
    %pushi/vec4 4, 0, 3;
    %assign/vec4 v0x564d813d96a0_0, 0;
    %pushi/vec4 1, 0, 3;
    %assign/vec4 v0x564d813d9780_0, 0;
    %pushi/vec4 4, 0, 3;
    %assign/vec4 v0x564d813d98b0_0, 0;
    %jmp T_1.7;
T_1.3 ;
    %pushi/vec4 2, 0, 3;
    %assign/vec4 v0x564d813d95b0_0, 0;
    %pushi/vec4 4, 0, 3;
    %assign/vec4 v0x564d813d96a0_0, 0;
    %pushi/vec4 2, 0, 3;
    %assign/vec4 v0x564d813d9780_0, 0;
    %pushi/vec4 4, 0, 3;
    %assign/vec4 v0x564d813d98b0_0, 0;
    %jmp T_1.7;
T_1.4 ;
    %pushi/vec4 4, 0, 3;
    %assign/vec4 v0x564d813d95b0_0, 0;
    %pushi/vec4 4, 0, 3;
    %assign/vec4 v0x564d813d96a0_0, 0;
    %pushi/vec4 4, 0, 3;
    %assign/vec4 v0x564d813d9780_0, 0;
    %pushi/vec4 1, 0, 3;
    %assign/vec4 v0x564d813d98b0_0, 0;
    %jmp T_1.7;
T_1.5 ;
    %pushi/vec4 4, 0, 3;
    %assign/vec4 v0x564d813d95b0_0, 0;
    %pushi/vec4 4, 0, 3;
    %assign/vec4 v0x564d813d96a0_0, 0;
    %pushi/vec4 4, 0, 3;
    %assign/vec4 v0x564d813d9780_0, 0;
    %pushi/vec4 2, 0, 3;
    %assign/vec4 v0x564d813d98b0_0, 0;
    %jmp T_1.7;
T_1.7 ;
    %pop/vec4 1;
    %jmp T_1;
    .thread T_1, $push;
    .scope S_0x564d813bf920;
T_2 ;
    %pushi/vec4 0, 0, 1;
    %store/vec4 v0x564d813d9bf0_0, 0, 1;
T_2.0 ;
    %delay 1783793664, 116;
    %load/vec4 v0x564d813d9bf0_0;
    %inv;
    %store/vec4 v0x564d813d9bf0_0, 0, 1;
    %jmp T_2.0;
    %end;
    .thread T_2;
    .scope S_0x564d813bf920;
T_3 ;
    %pushi/vec4 0, 0, 1;
    %store/vec4 v0x564d813da040_0, 0, 1;
    %delay 3567587328, 232;
    %pushi/vec4 1, 0, 1;
    %store/vec4 v0x564d813da040_0, 0, 1;
    %delay 3567587328, 232;
    %pushi/vec4 0, 0, 1;
    %store/vec4 v0x564d813da040_0, 0, 1;
    %delay 552894464, 566;
    %vpi_call 2 26 "$finish" {0 0 0};
    %end;
    .thread T_3;
# The file index is used to find the file name in the following table.
:file_names 4;
    "N/A";
    "<interactive>";
    "Traffic_tb.v";
    "./Traffic_Light_Controller.v";
